<?xml version="1.0" encoding="UTF-8"?>
<!-- Generated by org.testng.reporters.JUnitReportReporter -->
<testsuite hostname="Dvs" failures="0" tests="1" name="com.testscripts.CreateOrganization" time="18.310" errors="0" timestamp="19 Apr 2020 06:28:33 GMT" skipped="0">
  <testcase classname="com.testscripts.CreateOrganization" name="createOrganization" time="18.310"/>
</testsuite> <!-- com.testscripts.CreateOrganization -->
