<?xml version="1.0" encoding="UTF-8"?>
<!-- Generated by org.testng.reporters.JUnitReportReporter -->
<testsuite hostname="Dvs" failures="0" tests="1" name="com.testscripts.CreateCampaign" time="21.248" errors="0" timestamp="18 Apr 2020 10:29:31 GMT" skipped="0">
  <testcase classname="com.testscripts.CreateCampaign" name="createCampaign" time="21.248"/>
</testsuite> <!-- com.testscripts.CreateCampaign -->
