<?xml version="1.0" encoding="UTF-8"?>
<!-- Generated by org.testng.reporters.JUnitReportReporter -->
<testsuite hostname="Dvs" failures="0" tests="1" name="com.testscripts.testscript1" time="24.730" errors="0" timestamp="16 Apr 2020 14:08:51 GMT" skipped="0">
  <testcase classname="com.testscripts.testscript1" name="products" time="24.730"/>
</testsuite> <!-- com.testscripts.testscript1 -->
