<?xml version="1.0" encoding="UTF-8"?>
<!-- Generated by org.testng.reporters.JUnitReportReporter -->
<testsuite hostname="Dvs" failures="0" tests="1" name="com.testscripts.CreateQuotation" time="27.539" errors="0" timestamp="19 Apr 2020 11:57:24 GMT" skipped="0">
  <testcase classname="com.testscripts.CreateQuotation" name="createQuotation" time="27.539"/>
</testsuite> <!-- com.testscripts.CreateQuotation -->
