<?xml version="1.0" encoding="UTF-8"?>
<!-- Generated by org.testng.reporters.JUnitReportReporter -->
<testsuite hostname="Dvs" failures="0" tests="1" name="com.testscripts.CreateLeads" time="29.711" errors="0" timestamp="19 Apr 2020 11:07:02 GMT" skipped="0">
  <testcase classname="com.testscripts.CreateLeads" name="createLeads" time="29.711"/>
</testsuite> <!-- com.testscripts.CreateLeads -->
