<?xml version="1.0" encoding="UTF-8"?>
<!-- Generated by org.testng.reporters.JUnitReportReporter -->
<testsuite hostname="Dvs" failures="0" tests="1" name="com.testscripts.CreateSalesOrder" time="39.662" errors="0" timestamp="19 Apr 2020 12:26:56 GMT" skipped="0">
  <testcase classname="com.testscripts.CreateSalesOrder" name="createSalesOrder" time="39.662"/>
</testsuite> <!-- com.testscripts.CreateSalesOrder -->
