<?xml version="1.0" encoding="UTF-8"?>
<!-- Generated by org.testng.reporters.JUnitReportReporter -->
<testsuite hostname="Dvs" failures="0" tests="1" name="com.testscripts.createVendorTest" time="29.948" errors="0" timestamp="23 Apr 2020 03:22:32 GMT" skipped="0">
  <testcase classname="com.testscripts.createVendorTest" name="createVendor" time="29.948"/>
</testsuite> <!-- com.testscripts.createVendorTest -->
