<?xml version="1.0" encoding="UTF-8"?>
<!-- Generated by org.testng.reporters.JUnitReportReporter -->
<testsuite hostname="Dvs" failures="0" tests="1" name="com.screenshots.Screenshot" time="0.903" errors="0" timestamp="23 Apr 2020 01:34:11 GMT" skipped="0">
  <testcase classname="com.screenshots.Screenshot" name="takeScreenShot" time="0.903"/>
</testsuite> <!-- com.screenshots.Screenshot -->
