<?xml version="1.0" encoding="UTF-8"?>
<!-- Generated by org.testng.reporters.JUnitReportReporter -->
<testsuite hostname="Dvs" failures="0" tests="1" name="com.testscripts.validation" time="10.108" errors="0" timestamp="04 May 2020 03:46:19 GMT" skipped="0">
  <testcase classname="com.testscripts.validation" name="validatefield" time="10.108"/>
</testsuite> <!-- com.testscripts.validation -->
