<?xml version="1.0" encoding="UTF-8"?>
<!-- Generated by org.testng.reporters.JUnitReportReporter -->
<testsuite hostname="Dvs" failures="0" tests="1" name="com.testscripts.CreateOppertunities" time="30.625" errors="0" timestamp="19 Apr 2020 10:12:28 GMT" skipped="0">
  <testcase classname="com.testscripts.CreateOppertunities" name="createOppertunities" time="30.625"/>
</testsuite> <!-- com.testscripts.CreateOppertunities -->
