<?xml version="1.0" encoding="UTF-8"?>
<!-- Generated by org.testng.reporters.JUnitReportReporter -->
<testsuite hostname="Dvs" failures="0" tests="1" name="com.testscripts.testscript2" time="13.229" errors="0" timestamp="16 Apr 2020 14:23:51 GMT" skipped="0">
  <testcase classname="com.testscripts.testscript2" name="createVendor" time="13.229"/>
</testsuite> <!-- com.testscripts.testscript2 -->
