<?xml version="1.0" encoding="UTF-8"?>
<!-- Generated by org.testng.reporters.JUnitReportReporter -->
<testsuite hostname="Dvs" failures="0" tests="2" name="com.testscripts.testCase" time="70.280" errors="0" timestamp="17 Apr 2020 01:33:07 GMT" skipped="0">
  <testcase classname="com.testscripts.testCase" name="Vendor" time="52.052"/>
  <testcase classname="com.testscripts.testCase" name="createProducts" time="18.228"/>
</testsuite> <!-- com.testscripts.testCase -->
