<?xml version="1.0" encoding="UTF-8"?>
<!-- Generated by org.testng.reporters.JUnitReportReporter -->
<testsuite hostname="Dvs" failures="0" tests="1" name="com.testscripts.CreateInvoice" time="41.234" errors="0" timestamp="19 Apr 2020 12:36:43 GMT" skipped="0">
  <testcase classname="com.testscripts.CreateInvoice" name="createInvoice" time="41.234"/>
</testsuite> <!-- com.testscripts.CreateInvoice -->
